2022-11-25 15:01:40 LogWapper init() ./logs/Bot.log
2022-11-25 15:01:40 Bot started with
{'AUD_USD': {'pair': 'AUD_USD', 'units': 1000, 'short_ma': 2, 'long_ma': 8},
 'EUR_CHF': {'pair': 'EUR_CHF', 'units': 1000, 'short_ma': 2, 'long_ma': 8},
 'EUR_GBP': {'pair': 'EUR_GBP', 'units': 1000, 'short_ma': 2, 'long_ma': 8},
 'EUR_USD': {'pair': 'EUR_USD', 'units': 1000, 'short_ma': 2, 'long_ma': 8},
 'GBP_JPY': {'pair': 'GBP_JPY', 'units': 1000, 'short_ma': 2, 'long_ma': 8},
 'GBP_USD': {'pair': 'GBP_USD', 'units': 1000, 'short_ma': 2, 'long_ma': 8}}
2022-11-25 15:01:40 Bot Timings
{'AUD_USD': {'last_candle': Timestamp('2022-11-25 20:00:00+0000', tz='tzutc()'), 'ready': False},
 'EUR_CHF': {'last_candle': Timestamp('2022-11-25 20:00:00+0000', tz='tzutc()'), 'ready': False},
 'EUR_GBP': {'last_candle': Timestamp('2022-11-25 20:00:00+0000', tz='tzutc()'), 'ready': False},
 'EUR_USD': {'last_candle': Timestamp('2022-11-25 20:00:00+0000', tz='tzutc()'), 'ready': False},
 'GBP_JPY': {'last_candle': Timestamp('2022-11-25 20:00:00+0000', tz='tzutc()'), 'ready': False},
 'GBP_USD': {'last_candle': Timestamp('2022-11-25 20:00:00+0000', tz='tzutc()'), 'ready': False}}
2022-11-25 15:02:01 EUR_USD new candle 2022-11-25 20:01:00+00:00
2022-11-25 15:02:02 AUD_USD new candle 2022-11-25 20:01:00+00:00
2022-11-25 15:02:02 GBP_USD new candle 2022-11-25 20:01:00+00:00
2022-11-25 15:02:02 EUR_CHF new candle 2022-11-25 20:01:00+00:00
2022-11-25 15:02:02 EUR_GBP new candle 2022-11-25 20:01:00+00:00
2022-11-25 15:02:02 READY TO TRADE EUR_USD
2022-11-25 15:02:02 READY TO TRADE AUD_USD
2022-11-25 15:02:02 READY TO TRADE GBP_USD
2022-11-25 15:02:02 READY TO TRADE EUR_CHF
2022-11-25 15:02:02 READY TO TRADE EUR_GBP
2022-11-25 15:02:13 GBP_JPY new candle 2022-11-25 20:01:00+00:00
2022-11-25 15:02:13 READY TO TRADE GBP_JPY
2022-11-25 15:03:05 EUR_USD new candle 2022-11-25 20:02:00+00:00
2022-11-25 15:03:05 GBP_JPY new candle 2022-11-25 20:02:00+00:00
2022-11-25 15:03:05 AUD_USD new candle 2022-11-25 20:02:00+00:00
2022-11-25 15:03:05 GBP_USD new candle 2022-11-25 20:02:00+00:00
2022-11-25 15:03:06 EUR_CHF new candle 2022-11-25 20:02:00+00:00
2022-11-25 15:03:06 EUR_GBP new candle 2022-11-25 20:02:00+00:00
2022-11-25 15:03:06 READY TO TRADE EUR_USD
2022-11-25 15:03:06 READY TO TRADE GBP_JPY
2022-11-25 15:03:06 READY TO TRADE AUD_USD
2022-11-25 15:03:06 READY TO TRADE GBP_USD
2022-11-25 15:03:06 READY TO TRADE EUR_CHF
2022-11-25 15:03:06 READY TO TRADE EUR_GBP
2022-11-25 15:04:09 EUR_USD new candle 2022-11-25 20:03:00+00:00
2022-11-25 15:04:09 GBP_JPY new candle 2022-11-25 20:03:00+00:00
2022-11-25 15:04:09 AUD_USD new candle 2022-11-25 20:03:00+00:00
2022-11-25 15:04:09 GBP_USD new candle 2022-11-25 20:03:00+00:00
2022-11-25 15:04:09 EUR_CHF new candle 2022-11-25 20:03:00+00:00
2022-11-25 15:04:09 EUR_GBP new candle 2022-11-25 20:03:00+00:00
2022-11-25 15:04:09 READY TO TRADE EUR_USD
2022-11-25 15:04:09 READY TO TRADE GBP_JPY
2022-11-25 15:04:09 READY TO TRADE AUD_USD
2022-11-25 15:04:09 READY TO TRADE GBP_USD
2022-11-25 15:04:10 READY TO TRADE EUR_CHF
2022-11-25 15:04:10 READY TO TRADE EUR_GBP
2022-11-25 15:05:02 GBP_JPY new candle 2022-11-25 20:04:00+00:00
2022-11-25 15:05:02 AUD_USD new candle 2022-11-25 20:04:00+00:00
2022-11-25 15:05:02 GBP_USD new candle 2022-11-25 20:04:00+00:00
2022-11-25 15:05:02 EUR_GBP new candle 2022-11-25 20:04:00+00:00
2022-11-25 15:05:02 READY TO TRADE GBP_JPY
2022-11-25 15:05:02 READY TO TRADE AUD_USD
2022-11-25 15:05:02 READY TO TRADE GBP_USD
2022-11-25 15:05:02 READY TO TRADE EUR_GBP
2022-11-25 15:05:13 EUR_USD new candle 2022-11-25 20:04:00+00:00
2022-11-25 15:05:13 EUR_CHF new candle 2022-11-25 20:04:00+00:00
2022-11-25 15:05:13 READY TO TRADE EUR_USD
2022-11-25 15:05:13 READY TO TRADE EUR_CHF
2022-11-25 15:06:05 EUR_USD new candle 2022-11-25 20:05:00+00:00
2022-11-25 15:06:05 GBP_JPY new candle 2022-11-25 20:05:00+00:00
2022-11-25 15:06:05 AUD_USD new candle 2022-11-25 20:05:00+00:00
2022-11-25 15:06:05 GBP_USD new candle 2022-11-25 20:05:00+00:00
2022-11-25 15:06:05 EUR_CHF new candle 2022-11-25 20:05:00+00:00
2022-11-25 15:06:05 EUR_GBP new candle 2022-11-25 20:05:00+00:00
2022-11-25 15:06:05 READY TO TRADE EUR_USD
2022-11-25 15:06:06 READY TO TRADE GBP_JPY
2022-11-25 15:06:06 READY TO TRADE AUD_USD
2022-11-25 15:06:06 READY TO TRADE GBP_USD
2022-11-25 15:06:06 READY TO TRADE EUR_CHF
2022-11-25 15:06:06 READY TO TRADE EUR_GBP
2022-11-25 15:07:08 EUR_USD new candle 2022-11-25 20:06:00+00:00
2022-11-25 15:07:09 GBP_JPY new candle 2022-11-25 20:06:00+00:00
2022-11-25 15:07:09 AUD_USD new candle 2022-11-25 20:06:00+00:00
2022-11-25 15:07:09 GBP_USD new candle 2022-11-25 20:06:00+00:00
2022-11-25 15:07:09 EUR_CHF new candle 2022-11-25 20:06:00+00:00
2022-11-25 15:07:09 EUR_GBP new candle 2022-11-25 20:06:00+00:00
2022-11-25 15:07:09 READY TO TRADE EUR_USD
2022-11-25 15:07:09 READY TO TRADE GBP_JPY
2022-11-25 15:07:09 READY TO TRADE AUD_USD
2022-11-25 15:07:09 READY TO TRADE GBP_USD
2022-11-25 15:07:09 READY TO TRADE EUR_CHF
2022-11-25 15:07:09 READY TO TRADE EUR_GBP
