2022-11-25 14:36:06 LogWapper init() ./logs/TechnicalsBot.log
2022-11-25 14:37:10 
2022-11-25 14:37:10 get_trade_decision() pair:GBP_JPY max_rows:10
2022-11-25 14:37:10 Processed_df
                       time  volume    mid_c  SPREAD     PAIR     MA_2       MA_8  PREV_SHORT  PREV_LONG   D_PREV    D_NOW
7 2022-11-25 19:35:00+00:00     300  168.061    0.15  GBP_JPY  168.074  168.10125    168.0915        NaN      NaN -0.02725
8 2022-11-25 19:36:00+00:00     188  168.073    0.15  GBP_JPY  168.067  168.09300    168.0740  168.10125 -0.02725 -0.02600
2022-11-25 14:37:10 Trade_decision:0
2022-11-25 14:37:10 
2022-11-25 14:37:10 
2022-11-25 14:37:10 get_trade_decision() pair:AUD_USD max_rows:10
2022-11-25 14:37:10 Processed_df
                       time  volume    mid_c   SPREAD     PAIR      MA_2      MA_8  PREV_SHORT  PREV_LONG   D_PREV     D_NOW
7 2022-11-25 19:35:00+00:00      98  0.67454  0.00031  AUD_USD  0.674545  0.674605    0.674575        NaN      NaN -0.000060
8 2022-11-25 19:36:00+00:00     137  0.67458  0.00033  AUD_USD  0.674560  0.674591    0.674545   0.674605 -0.00006 -0.000031
2022-11-25 14:37:10 Trade_decision:0
2022-11-25 14:37:10 
2022-11-25 14:37:10 
2022-11-25 14:37:10 get_trade_decision() pair:GBP_USD max_rows:10
2022-11-25 14:37:10 Processed_df
                       time  volume    mid_c   SPREAD     PAIR      MA_2      MA_8  PREV_SHORT  PREV_LONG    D_PREV     D_NOW
7 2022-11-25 19:35:00+00:00     612  1.20861  0.00098  GBP_USD  1.208780  1.208911    1.208935        NaN       NaN -0.000131
8 2022-11-25 19:36:00+00:00     484  1.20870  0.00087  GBP_USD  1.208655  1.208952    1.208780   1.208911 -0.000131 -0.000297
2022-11-25 14:37:10 Trade_decision:0
2022-11-25 14:37:10 
2022-11-25 14:37:10 
2022-11-25 14:37:10 get_trade_decision() pair:EUR_CHF max_rows:10
2022-11-25 14:37:10 Processed_df
                       time  volume    mid_c   SPREAD     PAIR     MA_2      MA_8  PREV_SHORT  PREV_LONG    D_PREV     D_NOW
7 2022-11-25 19:35:00+00:00     206  0.98368  0.00150  EUR_CHF  0.98369  0.983809     0.98373        NaN       NaN -0.000119
8 2022-11-25 19:36:00+00:00     123  0.98368  0.00147  EUR_CHF  0.98368  0.983781     0.98369   0.983809 -0.000119 -0.000101
2022-11-25 14:37:10 Trade_decision:0
2022-11-25 14:37:10 
2022-11-25 14:37:10 
2022-11-25 14:37:10 get_trade_decision() pair:EUR_GBP max_rows:10
2022-11-25 14:37:10 Processed_df
                       time  volume    mid_c   SPREAD     PAIR      MA_2      MA_8  PREV_SHORT  PREV_LONG    D_PREV     D_NOW
7 2022-11-25 19:35:00+00:00     552  0.86096  0.00083  EUR_GBP  0.860835  0.860744    0.860705        NaN       NaN  0.000091
8 2022-11-25 19:36:00+00:00     444  0.86096  0.00067  EUR_GBP  0.860960  0.860785    0.860835   0.860744  0.000091  0.000175
2022-11-25 14:37:10 Trade_decision:0
2022-11-25 14:37:10 
2022-11-25 14:38:02 
2022-11-25 14:38:02 get_trade_decision() pair:EUR_USD max_rows:10
2022-11-25 14:38:03 Processed_df
                       time  volume    mid_c  SPREAD     PAIR     MA_2      MA_8  PREV_SHORT  PREV_LONG   D_PREV     D_NOW
7 2022-11-25 19:35:00+00:00       4  1.04059  0.0005  EUR_USD  1.04064  1.040690    1.040705        NaN      NaN -0.000050
8 2022-11-25 19:37:00+00:00       7  1.04061  0.0005  EUR_USD  1.04060  1.040679    1.040640    1.04069 -0.00005 -0.000079
2022-11-25 14:38:03 Trade_decision:0
2022-11-25 14:38:03 
2022-11-25 14:38:03 
2022-11-25 14:38:03 get_trade_decision() pair:GBP_JPY max_rows:10
2022-11-25 14:38:03 Processed_df
                       time  volume    mid_c  SPREAD     PAIR      MA_2       MA_8  PREV_SHORT  PREV_LONG  D_PREV    D_NOW
7 2022-11-25 19:36:00+00:00     188  168.073    0.15  GBP_JPY  168.0670  168.09300     168.074        NaN     NaN -0.02600
8 2022-11-25 19:37:00+00:00     154  168.076    0.15  GBP_JPY  168.0745  168.08525     168.067    168.093  -0.026 -0.01075
2022-11-25 14:38:03 Trade_decision:0
2022-11-25 14:38:03 
2022-11-25 14:38:03 
2022-11-25 14:38:03 get_trade_decision() pair:GBP_USD max_rows:10
2022-11-25 14:38:03 Processed_df
                       time  volume    mid_c   SPREAD     PAIR      MA_2      MA_8  PREV_SHORT  PREV_LONG    D_PREV     D_NOW
7 2022-11-25 19:36:00+00:00     484  1.20870  0.00087  GBP_USD  1.208655  1.208953    1.208780        NaN       NaN -0.000298
8 2022-11-25 19:37:00+00:00     524  1.20864  0.00093  GBP_USD  1.208670  1.208874    1.208655   1.208953 -0.000298 -0.000204
2022-11-25 14:38:03 Trade_decision:0
2022-11-25 14:38:03 
2022-11-25 14:38:03 
2022-11-25 14:38:03 get_trade_decision() pair:EUR_CHF max_rows:10
2022-11-25 14:38:03 Processed_df
                       time  volume    mid_c   SPREAD     PAIR     MA_2      MA_8  PREV_SHORT  PREV_LONG    D_PREV     D_NOW
7 2022-11-25 19:36:00+00:00     123  0.98368  0.00147  EUR_CHF  0.98368  0.983781     0.98369        NaN       NaN -0.000101
8 2022-11-25 19:37:00+00:00     117  0.98372  0.00150  EUR_CHF  0.98370  0.983764     0.98368   0.983781 -0.000101 -0.000064
2022-11-25 14:38:03 Trade_decision:0
2022-11-25 14:38:03 
2022-11-25 14:38:03 
2022-11-25 14:38:03 get_trade_decision() pair:EUR_GBP max_rows:10
2022-11-25 14:38:03 Processed_df
                       time  volume    mid_c   SPREAD     PAIR     MA_2      MA_8  PREV_SHORT  PREV_LONG    D_PREV     D_NOW
7 2022-11-25 19:36:00+00:00     444  0.86096  0.00067  EUR_GBP  0.86096  0.860785    0.860835        NaN       NaN  0.000175
8 2022-11-25 19:37:00+00:00     524  0.86102  0.00069  EUR_GBP  0.86099  0.860856    0.860960   0.860785  0.000175  0.000134
2022-11-25 14:38:03 Trade_decision:0
2022-11-25 14:38:03 
2022-11-25 14:38:13 
2022-11-25 14:38:13 get_trade_decision() pair:AUD_USD max_rows:10
2022-11-25 14:38:13 Processed_df
                       time  volume    mid_c   SPREAD     PAIR     MA_2      MA_8  PREV_SHORT  PREV_LONG    D_PREV     D_NOW
7 2022-11-25 19:36:00+00:00     137  0.67458  0.00033  AUD_USD  0.67456  0.674591    0.674545        NaN       NaN -0.000031
8 2022-11-25 19:37:00+00:00      83  0.67456  0.00035  AUD_USD  0.67457  0.674581    0.674560   0.674591 -0.000031 -0.000011
2022-11-25 14:38:13 Trade_decision:0
2022-11-25 14:38:13 
2022-11-25 14:39:06 
2022-11-25 14:39:06 get_trade_decision() pair:EUR_USD max_rows:10
2022-11-25 14:39:06 Processed_df
                       time  volume    mid_c   SPREAD     PAIR     MA_2      MA_8  PREV_SHORT  PREV_LONG    D_PREV     D_NOW
8 2022-11-25 19:37:00+00:00       7  1.04061  0.00050  EUR_USD  1.04060  1.040679     1.04064   1.040690 -0.000050 -0.000079
9 2022-11-25 19:38:00+00:00      49  1.04073  0.00036  EUR_USD  1.04067  1.040695     1.04060   1.040679 -0.000079 -0.000025
2022-11-25 14:39:06 Trade_decision:0
2022-11-25 14:39:06 
2022-11-25 14:39:06 
2022-11-25 14:39:06 get_trade_decision() pair:GBP_JPY max_rows:10
2022-11-25 14:39:06 Processed_df
                       time  volume    mid_c  SPREAD     PAIR      MA_2       MA_8  PREV_SHORT  PREV_LONG   D_PREV    D_NOW
7 2022-11-25 19:37:00+00:00     154  168.076    0.15  GBP_JPY  168.0745  168.08525    168.0670        NaN      NaN -0.01075
8 2022-11-25 19:38:00+00:00     153  168.088    0.15  GBP_JPY  168.0820  168.08275    168.0745  168.08525 -0.01075 -0.00075
2022-11-25 14:39:06 Trade_decision:0
2022-11-25 14:39:06 
2022-11-25 14:39:06 
2022-11-25 14:39:06 get_trade_decision() pair:AUD_USD max_rows:10
2022-11-25 14:39:06 Processed_df
                       time  volume    mid_c   SPREAD     PAIR     MA_2      MA_8  PREV_SHORT  PREV_LONG    D_PREV     D_NOW
7 2022-11-25 19:37:00+00:00      83  0.67456  0.00035  AUD_USD  0.67457  0.674581     0.67456        NaN       NaN -0.000011
8 2022-11-25 19:38:00+00:00      71  0.67454  0.00031  AUD_USD  0.67455  0.674581     0.67457   0.674581 -0.000011 -0.000031
2022-11-25 14:39:06 Trade_decision:0
2022-11-25 14:39:06 
2022-11-25 14:39:06 
2022-11-25 14:39:06 get_trade_decision() pair:GBP_USD max_rows:10
2022-11-25 14:39:06 Processed_df
                       time  volume    mid_c   SPREAD     PAIR     MA_2      MA_8  PREV_SHORT  PREV_LONG    D_PREV     D_NOW
7 2022-11-25 19:37:00+00:00     524  1.20864  0.00093  GBP_USD  1.20867  1.208874    1.208655        NaN       NaN -0.000204
8 2022-11-25 19:38:00+00:00     513  1.20882  0.00111  GBP_USD  1.20873  1.208821    1.208670   1.208874 -0.000204 -0.000091
2022-11-25 14:39:06 Trade_decision:0
2022-11-25 14:39:06 
2022-11-25 14:39:06 
2022-11-25 14:39:06 get_trade_decision() pair:EUR_CHF max_rows:10
2022-11-25 14:39:06 Processed_df
                       time  volume    mid_c   SPREAD     PAIR     MA_2      MA_8  PREV_SHORT  PREV_LONG    D_PREV     D_NOW
7 2022-11-25 19:37:00+00:00     117  0.98372  0.00150  EUR_CHF  0.98370  0.983764     0.98368        NaN       NaN -0.000064
8 2022-11-25 19:38:00+00:00      89  0.98374  0.00129  EUR_CHF  0.98373  0.983746     0.98370   0.983764 -0.000064 -0.000016
2022-11-25 14:39:06 Trade_decision:0
2022-11-25 14:39:06 
2022-11-25 14:39:06 
2022-11-25 14:39:06 get_trade_decision() pair:EUR_GBP max_rows:10
2022-11-25 14:39:06 Processed_df
                       time  volume    mid_c   SPREAD     PAIR     MA_2      MA_8  PREV_SHORT  PREV_LONG    D_PREV     D_NOW
7 2022-11-25 19:37:00+00:00     524  0.86102  0.00069  EUR_GBP  0.86099  0.860856     0.86096        NaN       NaN  0.000134
8 2022-11-25 19:38:00+00:00     365  0.86092  0.00064  EUR_GBP  0.86097  0.860882     0.86099   0.860856  0.000134  0.000088
2022-11-25 14:39:06 Trade_decision:0
2022-11-25 14:39:06 
